#
# There is insufficient memory for the Java Runtime Environment to continue.
# Native memory allocation (malloc) failed to allocate 32744 bytes for ChunkPool::allocate
# Possible reasons:
#   The system is out of physical RAM or swap space
#   The process is running with CompressedOops enabled, and the Java Heap may be blocking the growth of the native heap
# Possible solutions:
#   Reduce memory load on the system
#   Increase physical memory or swap space
#   Check if swap backing store is full
#   Decrease Java heap size (-Xmx/-Xms)
#   Decrease number of Java threads
#   Decrease Java thread stack sizes (-Xss)
#   Set larger code cache with -XX:ReservedCodeCacheSize=
#   JVM is running with Zero Based Compressed Oops mode in which the Java heap is
#     placed in the first 32GB address space. The Java Heap base address is the
#     maximum limit for the native heap growth. Please use -XX:HeapBaseMinAddress
#     to set the Java Heap base and to place the Java Heap above 32GB virtual address.
# This output file may be truncated or incomplete.
#
#  Out of Memory Error (./src/hotspot/share/memory/arena.cpp:81), pid=68568, tid=63032
#
# JRE version: OpenJDK Runtime Environment (11.0.12+7) (build 11.0.12+7-b1504.28-7817840)
# Java VM: OpenJDK 64-Bit Server VM (11.0.12+7-b1504.28-7817840, mixed mode, tiered, compressed oops, g1 gc, windows-amd64)
# No core dump will be written. Minidumps are not enabled by default on client versions of Windows
#

---------------  S U M M A R Y ------------

Command Line: org.jetbrains.kotlin.cli.jvm.K2JVMCompiler @C:\Users\Rodrigo Cavalcante\AndroidStudioProjects\Trackals\app\build\20221018_8448838302680137144.compiler.options

Host: AMD Ryzen 5 3500U with Radeon Vega Mobile Gfx  , 8 cores, 9G,  Windows 10 , 64 bit Build 22000 (10.0.22000.120)
Time: Tue Oct 18 13:14:30 2022 Hora oficial do Brasil elapsed time: 6.270471 seconds (0d 0h 0m 6s)

---------------  T H R E A D  ---------------

Current thread (0x000001ec7b7cd800):  JavaThread "C2 CompilerThread0" daemon [_thread_in_native, id=63032, stack(0x00000017f4400000,0x00000017f4500000)]


Current CompileTask:
C2:   6270 3365       4      
[error occurred during error reporting (printing current compile task), id 0xe0000001, Out of Memory Error (./src/hotspot/share/memory/arena.cpp:81)]

Stack: [0x00000017f4400000,0x00000017f4500000]
Native frames: (J=compiled Java code, j=interpreted, Vv=VM code, C=native code)
V  [jvm.dll+0x5fbcea]
V  [jvm.dll+0x731905]
V  [jvm.dll+0x732f1d]
V  [jvm.dll+0x7335d3]
V  [jvm.dll+0x247bf8]
V  [jvm.dll+0xc041b]
V  [jvm.dll+0xc06cc]
V  [jvm.dll+0x6c480a]
V  [jvm.dll+0x6c4959]
V  [jvm.dll+0x4d23f2]
V  [jvm.dll+0x5b3719]
V  [jvm.dll+0x2129f5]
V  [jvm.dll+0x212e07]
V  [jvm.dll+0x7317a3]
V  [jvm.dll+0x732f1d]
V  [jvm.dll+0x7335d3]
V  [jvm.dll+0x247bf8]
V  [jvm.dll+0xc041b]
V  [jvm.dll+0xc06cc]
V  [jvm.dll+0x36064e]
V  [jvm.dll+0x4f53c4]
V  [jvm.dll+0x328832]
V  [jvm.dll+0x327cfa]
V  [jvm.dll+0x200602]
V  [jvm.dll+0x1ff794]
V  [jvm.dll+0x18868c]
V  [jvm.dll+0x20e0d7]
V  [jvm.dll+0x20c901]
V  [jvm.dll+0x6f9b7f]
V  [jvm.dll+0x6f26a5]
V  [jvm.dll+0x5fabf6]
C  [ucrtbase.dll+0x26c0c]
C  [KERNEL32.DLL+0x154e0]
C  [ntdll.dll+0x485b]


---------------  P R O C E S S  ---------------

Threads class SMR info:
_java_thread_list=0x000001ec7f4eeb60, length=11, elements={
0x000001ec5daba800, 0x000001ec7af9b000, 0x000001ec7af9c800, 0x000001ec7b7c5000,
0x000001ec7b7c7800, 0x000001ec7b7c8800, 0x000001ec7b7cd800, 0x000001ec7b81c000,
0x000001ec7b825000, 0x000001ec7b995000, 0x000001ec7fab8800
}

Java Threads: ( => current thread )
  0x000001ec5daba800 JavaThread "main" [_thread_in_vm, id=106452, stack(0x00000017f3800000,0x00000017f3900000)]
  0x000001ec7af9b000 JavaThread "Reference Handler" daemon [_thread_blocked, id=96796, stack(0x00000017f3f00000,0x00000017f4000000)]
  0x000001ec7af9c800 JavaThread "Finalizer" daemon [_thread_blocked, id=105648, stack(0x00000017f4000000,0x00000017f4100000)]
  0x000001ec7b7c5000 JavaThread "Signal Dispatcher" daemon [_thread_blocked, id=67536, stack(0x00000017f4100000,0x00000017f4200000)]
  0x000001ec7b7c7800 JavaThread "Attach Listener" daemon [_thread_blocked, id=85004, stack(0x00000017f4200000,0x00000017f4300000)]
  0x000001ec7b7c8800 JavaThread "Service Thread" daemon [_thread_blocked, id=53404, stack(0x00000017f4300000,0x00000017f4400000)]
=>0x000001ec7b7cd800 JavaThread "C2 CompilerThread0" daemon [_thread_in_native, id=63032, stack(0x00000017f4400000,0x00000017f4500000)]
  0x000001ec7b81c000 JavaThread "C1 CompilerThread0" daemon [_thread_in_native, id=32312, stack(0x00000017f4500000,0x00000017f4600000)]
  0x000001ec7b825000 JavaThread "Sweeper thread" daemon [_thread_blocked, id=14900, stack(0x00000017f4600000,0x00000017f4700000)]
  0x000001ec7b995000 JavaThread "Common-Cleaner" daemon [_thread_blocked, id=105320, stack(0x00000017f4800000,0x00000017f4900000)]
  0x000001ec7fab8800 JavaThread "C2 CompilerThread1" daemon [_thread_in_native, id=104572, stack(0x00000017f4900000,0x00000017f4a00000)]

Other Threads:
  0x000001ec7af75000 VMThread "VM Thread" [stack: 0x00000017f3e00000,0x00000017f3f00000] [id=49684]
  0x000001ec7b98c800 WatcherThread [stack: 0x00000017f4700000,0x00000017f4800000] [id=72524]
  0x000001ec5dad2800 GCTaskThread "GC Thread#0" [stack: 0x00000017f3900000,0x00000017f3a00000] [id=7312]
  0x000001ec7c0f2800 GCTaskThread "GC Thread#1" [stack: 0x00000017f4b00000,0x00000017f4c00000] [id=106132]
  0x000001ec7c121800 GCTaskThread "GC Thread#2" [stack: 0x00000017f4c00000,0x00000017f4d00000] [id=68288]
  0x000001ec7dbd3800 GCTaskThread "GC Thread#3" [stack: 0x00000017f4f00000,0x00000017f5000000] [id=66476]
  0x000001ec5db0b800 ConcurrentGCThread "G1 Main Marker" [stack: 0x00000017f3a00000,0x00000017f3b00000] [id=43020]
  0x000001ec5db0d000 ConcurrentGCThread "G1 Conc#0" [stack: 0x00000017f3b00000,0x00000017f3c00000] [id=64284]
  0x000001ec7c14c800 ConcurrentGCThread "G1 Conc#1" [stack: 0x00000017f4a00000,0x00000017f4b00000] [id=48348]
  0x000001ec5db9e000 ConcurrentGCThread "G1 Refine#0" [stack: 0x00000017f3c00000,0x00000017f3d00000] [id=104272]
  0x000001ec7ce18800 ConcurrentGCThread "G1 Refine#1" [stack: 0x00000017f4d00000,0x00000017f4e00000] [id=65564]
  0x000001ec7cdfc800 ConcurrentGCThread "G1 Refine#2" [stack: 0x00000017f4e00000,0x00000017f4f00000] [id=101856]
  0x000001ec7adde800 ConcurrentGCThread "G1 Young RemSet Sampling" [stack: 0x00000017f3d00000,0x00000017f3e00000] [id=78184]

Threads with active compile tasks:
C2 CompilerThread0   6299 3365       4       jdk.internal.loader.BuiltinClassLoader::loadClassOrNull (7 bytes)
C1 CompilerThread0   6299 3702       2       org.jetbrains.kotlin.metadata.ProtoBuf$Annotation::writeTo (72 bytes)
C2 CompilerThread1   6299 3654   !   4       org.jetbrains.kotlin.metadata.ProtoBuf$Type::<init> (875 bytes)

VM state:not at safepoint (normal execution)

VM Mutex/Monitor currently owned by a thread: None

Heap address: 0x0000000764a00000, size: 2486 MB, Compressed Oops mode: Zero based, Oop shift amount: 3
Narrow klass base: 0x0000000800000000, Narrow klass shift: 0
Compressed class space size: 1073741824 Address: 0x0000000800000000

Heap:
 garbage-first heap   total 192512K, used 40061K [0x0000000764a00000, 0x0000000800000000)
  region size 1024K, 19 young (19456K), 9 survivors (9216K)
 Metaspace       used 46396K, capacity 46907K, committed 47152K, reserved 1091584K
  class space    used 5490K, capacity 5701K, committed 5760K, reserved 1048576K
Heap Regions: E=young(eden), S=young(survivor), O=old, HS=humongous(starts), HC=humongous(continues), CS=collection set, F=free, A=archive, TAMS=top-at-mark-start (previous, next)
|   0|0x0000000764a00000, 0x0000000764b00000, 0x0000000764b00000|100%|HS|  |TAMS 0x0000000764b00000, 0x0000000764a00000| Complete 
|   1|0x0000000764b00000, 0x0000000764c00000, 0x0000000764c00000|100%|HC|  |TAMS 0x0000000764c00000, 0x0000000764b00000| Complete 
|   2|0x0000000764c00000, 0x0000000764d00000, 0x0000000764d00000|100%|HC|  |TAMS 0x0000000764d00000, 0x0000000764c00000| Complete 
|   3|0x0000000764d00000, 0x0000000764e00000, 0x0000000764e00000|100%|HS|  |TAMS 0x0000000764e00000, 0x0000000764d00000| Complete 
|   4|0x0000000764e00000, 0x0000000764f00000, 0x0000000764f00000|100%|HC|  |TAMS 0x0000000764f00000, 0x0000000764e00000| Complete 
|   5|0x0000000764f00000, 0x0000000765000000, 0x0000000765000000|100%|HC|  |TAMS 0x0000000765000000, 0x0000000764f00000| Complete 
|   6|0x0000000765000000, 0x0000000765000000, 0x0000000765100000|  0%| F|  |TAMS 0x0000000765000000, 0x0000000765000000| Untracked 
|   7|0x0000000765100000, 0x0000000765100000, 0x0000000765200000|  0%| F|  |TAMS 0x0000000765100000, 0x0000000765100000| Untracked 
|   8|0x0000000765200000, 0x0000000765300000, 0x0000000765300000|100%| O|  |TAMS 0x0000000765300000, 0x0000000765200000| Untracked 
|   9|0x0000000765300000, 0x0000000765400000, 0x0000000765400000|100%| O|  |TAMS 0x0000000765400000, 0x0000000765300000| Untracked 
|  10|0x0000000765400000, 0x0000000765500000, 0x0000000765500000|100%| O|  |TAMS 0x0000000765500000, 0x0000000765400000| Untracked 
|  11|0x0000000765500000, 0x0000000765600000, 0x0000000765600000|100%| O|  |TAMS 0x0000000765600000, 0x0000000765500000| Untracked 
|  12|0x0000000765600000, 0x0000000765700000, 0x0000000765700000|100%| O|  |TAMS 0x0000000765700000, 0x0000000765600000| Untracked 
|  13|0x0000000765700000, 0x0000000765800000, 0x0000000765800000|100%| O|  |TAMS 0x0000000765800000, 0x0000000765700000| Untracked 
|  14|0x0000000765800000, 0x0000000765900000, 0x0000000765900000|100%| O|  |TAMS 0x0000000765900000, 0x0000000765800000| Untracked 
|  15|0x0000000765900000, 0x0000000765a00000, 0x0000000765a00000|100%| O|  |TAMS 0x0000000765a00000, 0x0000000765900000| Untracked 
|  16|0x0000000765a00000, 0x0000000765b00000, 0x0000000765b00000|100%| O|  |TAMS 0x0000000765b00000, 0x0000000765a00000| Untracked 
|  17|0x0000000765b00000, 0x0000000765c00000, 0x0000000765c00000|100%| O|  |TAMS 0x0000000765c00000, 0x0000000765b00000| Untracked 
|  18|0x0000000765c00000, 0x0000000765d00000, 0x0000000765d00000|100%| O|  |TAMS 0x0000000765d00000, 0x0000000765c00000| Untracked 
|  19|0x0000000765d00000, 0x0000000765e00000, 0x0000000765e00000|100%| O|  |TAMS 0x0000000765e00000, 0x0000000765d00000| Untracked 
|  20|0x0000000765e00000, 0x0000000765f00000, 0x0000000765f00000|100%| O|  |TAMS 0x0000000765f00000, 0x0000000765e00000| Untracked 
|  21|0x0000000765f00000, 0x0000000765f35000, 0x0000000766000000| 20%| O|  |TAMS 0x0000000765f35000, 0x0000000765f00000| Untracked 
|  22|0x0000000766000000, 0x0000000766100000, 0x0000000766100000|100%|HS|  |TAMS 0x0000000766000000, 0x0000000766000000| Complete 
|  23|0x0000000766100000, 0x0000000766200000, 0x0000000766200000|100%|HC|  |TAMS 0x0000000766100000, 0x0000000766100000| Complete 
|  24|0x0000000766200000, 0x0000000766200000, 0x0000000766300000|  0%| F|  |TAMS 0x0000000766200000, 0x0000000766200000| Untracked 
|  25|0x0000000766300000, 0x0000000766300000, 0x0000000766400000|  0%| F|  |TAMS 0x0000000766300000, 0x0000000766300000| Untracked 
|  26|0x0000000766400000, 0x0000000766400000, 0x0000000766500000|  0%| F|  |TAMS 0x0000000766400000, 0x0000000766400000| Untracked 
|  27|0x0000000766500000, 0x0000000766500000, 0x0000000766600000|  0%| F|  |TAMS 0x0000000766500000, 0x0000000766500000| Untracked 
|  28|0x0000000766600000, 0x0000000766600000, 0x0000000766700000|  0%| F|  |TAMS 0x0000000766600000, 0x0000000766600000| Untracked 
|  29|0x0000000766700000, 0x0000000766700000, 0x0000000766800000|  0%| F|  |TAMS 0x0000000766700000, 0x0000000766700000| Untracked 
|  30|0x0000000766800000, 0x0000000766800000, 0x0000000766900000|  0%| F|  |TAMS 0x0000000766800000, 0x0000000766800000| Untracked 
|  31|0x0000000766900000, 0x0000000766900000, 0x0000000766a00000|  0%| F|  |TAMS 0x0000000766900000, 0x0000000766900000| Untracked 
|  32|0x0000000766a00000, 0x0000000766a00000, 0x0000000766b00000|  0%| F|  |TAMS 0x0000000766a00000, 0x0000000766a00000| Untracked 
|  33|0x0000000766b00000, 0x0000000766b00000, 0x0000000766c00000|  0%| F|  |TAMS 0x0000000766b00000, 0x0000000766b00000| Untracked 
|  34|0x0000000766c00000, 0x0000000766c00000, 0x0000000766d00000|  0%| F|  |TAMS 0x0000000766c00000, 0x0000000766c00000| Untracked 
|  35|0x0000000766d00000, 0x0000000766d00000, 0x0000000766e00000|  0%| F|  |TAMS 0x0000000766d00000, 0x0000000766d00000| Untracked 
|  36|0x0000000766e00000, 0x0000000766e00000, 0x0000000766f00000|  0%| F|  |TAMS 0x0000000766e00000, 0x0000000766e00000| Untracked 
|  37|0x0000000766f00000, 0x0000000766f00000, 0x0000000767000000|  0%| F|  |TAMS 0x0000000766f00000, 0x0000000766f00000| Untracked 
|  38|0x0000000767000000, 0x0000000767000000, 0x0000000767100000|  0%| F|  |TAMS 0x0000000767000000, 0x0000000767000000| Untracked 
|  39|0x0000000767100000, 0x0000000767100000, 0x0000000767200000|  0%| F|  |TAMS 0x0000000767100000, 0x0000000767100000| Untracked 
|  40|0x0000000767200000, 0x0000000767200000, 0x0000000767300000|  0%| F|  |TAMS 0x0000000767200000, 0x0000000767200000| Untracked 
|  41|0x0000000767300000, 0x0000000767300000, 0x0000000767400000|  0%| F|  |TAMS 0x0000000767300000, 0x0000000767300000| Untracked 
|  42|0x0000000767400000, 0x0000000767400000, 0x0000000767500000|  0%| F|  |TAMS 0x0000000767400000, 0x0000000767400000| Untracked 
|  43|0x0000000767500000, 0x0000000767500000, 0x0000000767600000|  0%| F|  |TAMS 0x0000000767500000, 0x0000000767500000| Untracked 
|  44|0x0000000767600000, 0x0000000767600000, 0x0000000767700000|  0%| F|  |TAMS 0x0000000767600000, 0x0000000767600000| Untracked 
|  45|0x0000000767700000, 0x0000000767700000, 0x0000000767800000|  0%| F|  |TAMS 0x0000000767700000, 0x0000000767700000| Untracked 
|  46|0x0000000767800000, 0x0000000767800000, 0x0000000767900000|  0%| F|  |TAMS 0x0000000767800000, 0x0000000767800000| Untracked 
|  47|0x0000000767900000, 0x0000000767900000, 0x0000000767a00000|  0%| F|  |TAMS 0x0000000767900000, 0x0000000767900000| Untracked 
|  48|0x0000000767a00000, 0x0000000767a00000, 0x0000000767b00000|  0%| F|  |TAMS 0x0000000767a00000, 0x0000000767a00000| Untracked 
|  49|0x0000000767b00000, 0x0000000767b00000, 0x0000000767c00000|  0%| F|  |TAMS 0x0000000767b00000, 0x0000000767b00000| Untracked 
|  50|0x0000000767c00000, 0x0000000767c00000, 0x0000000767d00000|  0%| F|  |TAMS 0x0000000767c00000, 0x0000000767c00000| Untracked 
|  51|0x0000000767d00000, 0x0000000767d00000, 0x0000000767e00000|  0%| F|  |TAMS 0x0000000767d00000, 0x0000000767d00000| Untracked 
|  52|0x0000000767e00000, 0x0000000767e00000, 0x0000000767f00000|  0%| F|  |TAMS 0x0000000767e00000, 0x0000000767e00000| Untracked 
|  53|0x0000000767f00000, 0x0000000767f00000, 0x0000000768000000|  0%| F|  |TAMS 0x0000000767f00000, 0x0000000767f00000| Untracked 
|  54|0x0000000768000000, 0x0000000768000000, 0x0000000768100000|  0%| F|  |TAMS 0x0000000768000000, 0x0000000768000000| Untracked 
|  55|0x0000000768100000, 0x0000000768100000, 0x0000000768200000|  0%| F|  |TAMS 0x0000000768100000, 0x0000000768100000| Untracked 
|  56|0x0000000768200000, 0x0000000768200000, 0x0000000768300000|  0%| F|  |TAMS 0x0000000768200000, 0x0000000768200000| Untracked 
|  57|0x0000000768300000, 0x0000000768300000, 0x0000000768400000|  0%| F|  |TAMS 0x0000000768300000, 0x0000000768300000| Untracked 
|  58|0x0000000768400000, 0x0000000768400000, 0x0000000768500000|  0%| F|  |TAMS 0x0000000768400000, 0x0000000768400000| Untracked 
|  59|0x0000000768500000, 0x0000000768500000, 0x0000000768600000|  0%| F|  |TAMS 0x0000000768500000, 0x0000000768500000| Untracked 
|  60|0x0000000768600000, 0x0000000768600000, 0x0000000768700000|  0%| F|  |TAMS 0x0000000768600000, 0x0000000768600000| Untracked 
|  61|0x0000000768700000, 0x0000000768700000, 0x0000000768800000|  0%| F|  |TAMS 0x0000000768700000, 0x0000000768700000| Untracked 
|  62|0x0000000768800000, 0x0000000768800000, 0x0000000768900000|  0%| F|  |TAMS 0x0000000768800000, 0x0000000768800000| Untracked 
|  63|0x0000000768900000, 0x0000000768900000, 0x0000000768a00000|  0%| F|  |TAMS 0x0000000768900000, 0x0000000768900000| Untracked 
|  64|0x0000000768a00000, 0x0000000768a00000, 0x0000000768b00000|  0%| F|  |TAMS 0x0000000768a00000, 0x0000000768a00000| Untracked 
|  65|0x0000000768b00000, 0x0000000768b00000, 0x0000000768c00000|  0%| F|  |TAMS 0x0000000768b00000, 0x0000000768b00000| Untracked 
|  66|0x0000000768c00000, 0x0000000768c00000, 0x0000000768d00000|  0%| F|  |TAMS 0x0000000768c00000, 0x0000000768c00000| Untracked 
|  67|0x0000000768d00000, 0x0000000768d00000, 0x0000000768e00000|  0%| F|  |TAMS 0x0000000768d00000, 0x0000000768d00000| Untracked 
|  68|0x0000000768e00000, 0x0000000768e00000, 0x0000000768f00000|  0%| F|  |TAMS 0x0000000768e00000, 0x0000000768e00000| Untracked 
|  69|0x0000000768f00000, 0x0000000768f00000, 0x0000000769000000|  0%| F|  |TAMS 0x0000000768f00000, 0x0000000768f00000| Untracked 
|  70|0x0000000769000000, 0x0000000769000000, 0x0000000769100000|  0%| F|  |TAMS 0x0000000769000000, 0x0000000769000000| Untracked 
|  71|0x0000000769100000, 0x0000000769100000, 0x0000000769200000|  0%| F|  |TAMS 0x0000000769100000, 0x0000000769100000| Untracked 
|  72|0x0000000769200000, 0x0000000769200000, 0x0000000769300000|  0%| F|  |TAMS 0x0000000769200000, 0x0000000769200000| Untracked 
|  73|0x0000000769300000, 0x0000000769300000, 0x0000000769400000|  0%| F|  |TAMS 0x0000000769300000, 0x0000000769300000| Untracked 
|  74|0x0000000769400000, 0x0000000769400000, 0x0000000769500000|  0%| F|  |TAMS 0x0000000769400000, 0x0000000769400000| Untracked 
|  75|0x0000000769500000, 0x0000000769500000, 0x0000000769600000|  0%| F|  |TAMS 0x0000000769500000, 0x0000000769500000| Untracked 
|  76|0x0000000769600000, 0x0000000769600000, 0x0000000769700000|  0%| F|  |TAMS 0x0000000769600000, 0x0000000769600000| Untracked 
|  77|0x0000000769700000, 0x0000000769700000, 0x0000000769800000|  0%| F|  |TAMS 0x0000000769700000, 0x0000000769700000| Untracked 
|  78|0x0000000769800000, 0x0000000769800000, 0x0000000769900000|  0%| F|  |TAMS 0x0000000769800000, 0x0000000769800000| Untracked 
|  79|0x0000000769900000, 0x0000000769900000, 0x0000000769a00000|  0%| F|  |TAMS 0x0000000769900000, 0x0000000769900000| Untracked 
|  80|0x0000000769a00000, 0x0000000769a00000, 0x0000000769b00000|  0%| F|  |TAMS 0x0000000769a00000, 0x0000000769a00000| Untracked 
|  81|0x0000000769b00000, 0x0000000769b00000, 0x0000000769c00000|  0%| F|  |TAMS 0x0000000769b00000, 0x0000000769b00000| Untracked 
|  82|0x0000000769c00000, 0x0000000769c00000, 0x0000000769d00000|  0%| F|  |TAMS 0x0000000769c00000, 0x0000000769c00000| Untracked 
|  83|0x0000000769d00000, 0x0000000769d00000, 0x0000000769e00000|  0%| F|  |TAMS 0x0000000769d00000, 0x0000000769d00000| Untracked 
|  84|0x0000000769e00000, 0x0000000769e00000, 0x0000000769f00000|  0%| F|  |TAMS 0x0000000769e00000, 0x0000000769e00000| Untracked 
|  85|0x0000000769f00000, 0x0000000769f00000, 0x000000076a000000|  0%| F|  |TAMS 0x0000000769f00000, 0x0000000769f00000| Untracked 
|  86|0x000000076a000000, 0x000000076a000000, 0x000000076a100000|  0%| F|  |TAMS 0x000000076a000000, 0x000000076a000000| Untracked 
|  87|0x000000076a100000, 0x000000076a100000, 0x000000076a200000|  0%| F|  |TAMS 0x000000076a100000, 0x000000076a100000| Untracked 
|  88|0x000000076a200000, 0x000000076a200000, 0x000000076a300000|  0%| F|  |TAMS 0x000000076a200000, 0x000000076a200000| Untracked 
|  89|0x000000076a300000, 0x000000076a300000, 0x000000076a400000|  0%| F|  |TAMS 0x000000076a300000, 0x000000076a300000| Untracked 
|  90|0x000000076a400000, 0x000000076a400000, 0x000000076a500000|  0%| F|  |TAMS 0x000000076a400000, 0x000000076a400000| Untracked 
|  91|0x000000076a500000, 0x000000076a500000, 0x000000076a600000|  0%| F|  |TAMS 0x000000076a500000, 0x000000076a500000| Untracked 
|  92|0x000000076a600000, 0x000000076a600000, 0x000000076a700000|  0%| F|  |TAMS 0x000000076a600000, 0x000000076a600000| Untracked 
|  93|0x000000076a700000, 0x000000076a700000, 0x000000076a800000|  0%| F|  |TAMS 0x000000076a700000, 0x000000076a700000| Untracked 
|  94|0x000000076a800000, 0x000000076a800000, 0x000000076a900000|  0%| F|  |TAMS 0x000000076a800000, 0x000000076a800000| Untracked 
|  95|0x000000076a900000, 0x000000076a900000, 0x000000076aa00000|  0%| F|  |TAMS 0x000000076a900000, 0x000000076a900000| Untracked 
|  96|0x000000076aa00000, 0x000000076aa00000, 0x000000076ab00000|  0%| F|  |TAMS 0x000000076aa00000, 0x000000076aa00000| Untracked 
|  97|0x000000076ab00000, 0x000000076ab00000, 0x000000076ac00000|  0%| F|  |TAMS 0x000000076ab00000, 0x000000076ab00000| Untracked 
|  98|0x000000076ac00000, 0x000000076ac00000, 0x000000076ad00000|  0%| F|  |TAMS 0x000000076ac00000, 0x000000076ac00000| Untracked 
|  99|0x000000076ad00000, 0x000000076ad00000, 0x000000076ae00000|  0%| F|  |TAMS 0x000000076ad00000, 0x000000076ad00000| Untracked 
| 100|0x000000076ae00000, 0x000000076ae00000, 0x000000076af00000|  0%| F|  |TAMS 0x000000076ae00000, 0x000000076ae00000| Untracked 
| 101|0x000000076af00000, 0x000000076af00000, 0x000000076b000000|  0%| F|  |TAMS 0x000000076af00000, 0x000000076af00000| Untracked 
| 102|0x000000076b000000, 0x000000076b000000, 0x000000076b100000|  0%| F|  |TAMS 0x000000076b000000, 0x000000076b000000| Untracked 
| 103|0x000000076b100000, 0x000000076b100000, 0x000000076b200000|  0%| F|  |TAMS 0x000000076b100000, 0x000000076b100000| Untracked 
| 104|0x000000076b200000, 0x000000076b200000, 0x000000076b300000|  0%| F|  |TAMS 0x000000076b200000, 0x000000076b200000| Untracked 
| 105|0x000000076b300000, 0x000000076b300000, 0x000000076b400000|  0%| F|  |TAMS 0x000000076b300000, 0x000000076b300000| Untracked 
| 106|0x000000076b400000, 0x000000076b400000, 0x000000076b500000|  0%| F|  |TAMS 0x000000076b400000, 0x000000076b400000| Untracked 
| 107|0x000000076b500000, 0x000000076b500000, 0x000000076b600000|  0%| F|  |TAMS 0x000000076b500000, 0x000000076b500000| Untracked 
| 108|0x000000076b600000, 0x000000076b600000, 0x000000076b700000|  0%| F|  |TAMS 0x000000076b600000, 0x000000076b600000| Untracked 
| 109|0x000000076b700000, 0x000000076b700000, 0x000000076b800000|  0%| F|  |TAMS 0x000000076b700000, 0x000000076b700000| Untracked 
| 110|0x000000076b800000, 0x000000076b8ea7e0, 0x000000076b900000| 91%| S|CS|TAMS 0x000000076b800000, 0x000000076b800000| Complete 
| 111|0x000000076b900000, 0x000000076ba00000, 0x000000076ba00000|100%| S|CS|TAMS 0x000000076b900000, 0x000000076b900000| Complete 
| 112|0x000000076ba00000, 0x000000076bb00000, 0x000000076bb00000|100%| S|CS|TAMS 0x000000076ba00000, 0x000000076ba00000| Complete 
| 113|0x000000076bb00000, 0x000000076bc00000, 0x000000076bc00000|100%| S|CS|TAMS 0x000000076bb00000, 0x000000076bb00000| Complete 
| 114|0x000000076bc00000, 0x000000076bd00000, 0x000000076bd00000|100%| S|CS|TAMS 0x000000076bc00000, 0x000000076bc00000| Complete 
| 115|0x000000076bd00000, 0x000000076be00000, 0x000000076be00000|100%| S|CS|TAMS 0x000000076bd00000, 0x000000076bd00000| Complete 
| 116|0x000000076be00000, 0x000000076bf00000, 0x000000076bf00000|100%| S|CS|TAMS 0x000000076be00000, 0x000000076be00000| Complete 
| 117|0x000000076bf00000, 0x000000076c000000, 0x000000076c000000|100%| S|CS|TAMS 0x000000076bf00000, 0x000000076bf00000| Complete 
| 118|0x000000076c000000, 0x000000076c100000, 0x000000076c100000|100%| S|CS|TAMS 0x000000076c000000, 0x000000076c000000| Complete 
| 119|0x000000076c100000, 0x000000076c100000, 0x000000076c200000|  0%| F|  |TAMS 0x000000076c100000, 0x000000076c100000| Untracked 
| 120|0x000000076c200000, 0x000000076c200000, 0x000000076c300000|  0%| F|  |TAMS 0x000000076c200000, 0x000000076c200000| Untracked 
| 121|0x000000076c300000, 0x000000076c300000, 0x000000076c400000|  0%| F|  |TAMS 0x000000076c300000, 0x000000076c300000| Untracked 
| 122|0x000000076c400000, 0x000000076c400000, 0x000000076c500000|  0%| F|  |TAMS 0x000000076c400000, 0x000000076c400000| Untracked 
| 123|0x000000076c500000, 0x000000076c500000, 0x000000076c600000|  0%| F|  |TAMS 0x000000076c500000, 0x000000076c500000| Untracked 
| 124|0x000000076c600000, 0x000000076c600000, 0x000000076c700000|  0%| F|  |TAMS 0x000000076c600000, 0x000000076c600000| Untracked 
| 125|0x000000076c700000, 0x000000076c700000, 0x000000076c800000|  0%| F|  |TAMS 0x000000076c700000, 0x000000076c700000| Untracked 
| 126|0x000000076c800000, 0x000000076c800000, 0x000000076c900000|  0%| F|  |TAMS 0x000000076c800000, 0x000000076c800000| Untracked 
| 127|0x000000076c900000, 0x000000076c900000, 0x000000076ca00000|  0%| F|  |TAMS 0x000000076c900000, 0x000000076c900000| Untracked 
| 128|0x000000076ca00000, 0x000000076ca00000, 0x000000076cb00000|  0%| F|  |TAMS 0x000000076ca00000, 0x000000076ca00000| Untracked 
| 129|0x000000076cb00000, 0x000000076cb00000, 0x000000076cc00000|  0%| F|  |TAMS 0x000000076cb00000, 0x000000076cb00000| Untracked 
| 130|0x000000076cc00000, 0x000000076cc00000, 0x000000076cd00000|  0%| F|  |TAMS 0x000000076cc00000, 0x000000076cc00000| Untracked 
| 131|0x000000076cd00000, 0x000000076cd00000, 0x000000076ce00000|  0%| F|  |TAMS 0x000000076cd00000, 0x000000076cd00000| Untracked 
| 132|0x000000076ce00000, 0x000000076ce00000, 0x000000076cf00000|  0%| F|  |TAMS 0x000000076ce00000, 0x000000076ce00000| Untracked 
| 133|0x000000076cf00000, 0x000000076cf00000, 0x000000076d000000|  0%| F|  |TAMS 0x000000076cf00000, 0x000000076cf00000| Untracked 
| 134|0x000000076d000000, 0x000000076d000000, 0x000000076d100000|  0%| F|  |TAMS 0x000000076d000000, 0x000000076d000000| Untracked 
| 135|0x000000076d100000, 0x000000076d100000, 0x000000076d200000|  0%| F|  |TAMS 0x000000076d100000, 0x000000076d100000| Untracked 
| 136|0x000000076d200000, 0x000000076d200000, 0x000000076d300000|  0%| F|  |TAMS 0x000000076d200000, 0x000000076d200000| Untracked 
| 137|0x000000076d300000, 0x000000076d300000, 0x000000076d400000|  0%| F|  |TAMS 0x000000076d300000, 0x000000076d300000| Untracked 
| 138|0x000000076d400000, 0x000000076d400000, 0x000000076d500000|  0%| F|  |TAMS 0x000000076d400000, 0x000000076d400000| Untracked 
| 139|0x000000076d500000, 0x000000076d500000, 0x000000076d600000|  0%| F|  |TAMS 0x000000076d500000, 0x000000076d500000| Untracked 
| 140|0x000000076d600000, 0x000000076d600000, 0x000000076d700000|  0%| F|  |TAMS 0x000000076d600000, 0x000000076d600000| Untracked 
| 141|0x000000076d700000, 0x000000076d700000, 0x000000076d800000|  0%| F|  |TAMS 0x000000076d700000, 0x000000076d700000| Untracked 
| 142|0x000000076d800000, 0x000000076d800000, 0x000000076d900000|  0%| F|  |TAMS 0x000000076d800000, 0x000000076d800000| Untracked 
| 143|0x000000076d900000, 0x000000076d900000, 0x000000076da00000|  0%| F|  |TAMS 0x000000076d900000, 0x000000076d900000| Untracked 
| 144|0x000000076da00000, 0x000000076da00000, 0x000000076db00000|  0%| F|  |TAMS 0x000000076da00000, 0x000000076da00000| Untracked 
| 145|0x000000076db00000, 0x000000076db00000, 0x000000076dc00000|  0%| F|  |TAMS 0x000000076db00000, 0x000000076db00000| Untracked 
| 146|0x000000076dc00000, 0x000000076dc00000, 0x000000076dd00000|  0%| F|  |TAMS 0x000000076dc00000, 0x000000076dc00000| Untracked 
| 147|0x000000076dd00000, 0x000000076dd00000, 0x000000076de00000|  0%| F|  |TAMS 0x000000076dd00000, 0x000000076dd00000| Untracked 
| 148|0x000000076de00000, 0x000000076de00000, 0x000000076df00000|  0%| F|  |TAMS 0x000000076de00000, 0x000000076de00000| Untracked 
| 149|0x000000076df00000, 0x000000076df00000, 0x000000076e000000|  0%| F|  |TAMS 0x000000076df00000, 0x000000076df00000| Untracked 
| 150|0x000000076e000000, 0x000000076e000000, 0x000000076e100000|  0%| F|  |TAMS 0x000000076e000000, 0x000000076e000000| Untracked 
| 151|0x000000076e100000, 0x000000076e100000, 0x000000076e200000|  0%| F|  |TAMS 0x000000076e100000, 0x000000076e100000| Untracked 
| 152|0x000000076e200000, 0x000000076e200000, 0x000000076e300000|  0%| F|  |TAMS 0x000000076e200000, 0x000000076e200000| Untracked 
| 153|0x000000076e300000, 0x000000076e300000, 0x000000076e400000|  0%| F|  |TAMS 0x000000076e300000, 0x000000076e300000| Untracked 
| 154|0x000000076e400000, 0x000000076e400000, 0x000000076e500000|  0%| F|  |TAMS 0x000000076e400000, 0x000000076e400000| Untracked 
| 155|0x000000076e500000, 0x000000076e500000, 0x000000076e600000|  0%| F|  |TAMS 0x000000076e500000, 0x000000076e500000| Untracked 
| 156|0x000000076e600000, 0x000000076e600000, 0x000000076e700000|  0%| F|  |TAMS 0x000000076e600000, 0x000000076e600000| Untracked 
| 157|0x000000076e700000, 0x000000076e700000, 0x000000076e800000|  0%| F|  |TAMS 0x000000076e700000, 0x000000076e700000| Untracked 
| 158|0x000000076e800000, 0x000000076e800000, 0x000000076e900000|  0%| F|  |TAMS 0x000000076e800000, 0x000000076e800000| Untracked 
| 159|0x000000076e900000, 0x000000076e900000, 0x000000076ea00000|  0%| F|  |TAMS 0x000000076e900000, 0x000000076e900000| Untracked 
| 160|0x000000076ea00000, 0x000000076ea00000, 0x000000076eb00000|  0%| F|  |TAMS 0x000000076ea00000, 0x000000076ea00000| Untracked 
| 161|0x000000076eb00000, 0x000000076eb00000, 0x000000076ec00000|  0%| F|  |TAMS 0x000000076eb00000, 0x000000076eb00000| Untracked 
| 162|0x000000076ec00000, 0x000000076ec00000, 0x000000076ed00000|  0%| F|  |TAMS 0x000000076ec00000, 0x000000076ec00000| Untracked 
| 163|0x000000076ed00000, 0x000000076ed00000, 0x000000076ee00000|  0%| F|  |TAMS 0x000000076ed00000, 0x000000076ed00000| Untracked 
| 164|0x000000076ee00000, 0x000000076ee00000, 0x000000076ef00000|  0%| F|  |TAMS 0x000000076ee00000, 0x000000076ee00000| Untracked 
| 165|0x000000076ef00000, 0x000000076ef00000, 0x000000076f000000|  0%| F|  |TAMS 0x000000076ef00000, 0x000000076ef00000| Untracked 
| 166|0x000000076f000000, 0x000000076f000000, 0x000000076f100000|  0%| F|  |TAMS 0x000000076f000000, 0x000000076f000000| Untracked 
| 167|0x000000076f100000, 0x000000076f100000, 0x000000076f200000|  0%| F|  |TAMS 0x000000076f100000, 0x000000076f100000| Untracked 
| 168|0x000000076f200000, 0x000000076f200000, 0x000000076f300000|  0%| F|  |TAMS 0x000000076f200000, 0x000000076f200000| Untracked 
| 169|0x000000076f300000, 0x000000076f300000, 0x000000076f400000|  0%| F|  |TAMS 0x000000076f300000, 0x000000076f300000| Untracked 
| 170|0x000000076f400000, 0x000000076f400000, 0x000000076f500000|  0%| F|  |TAMS 0x000000076f400000, 0x000000076f400000| Untracked 
| 171|0x000000076f500000, 0x000000076f500000, 0x000000076f600000|  0%| F|  |TAMS 0x000000076f500000, 0x000000076f500000| Untracked 
| 172|0x000000076f600000, 0x000000076f600000, 0x000000076f700000|  0%| F|  |TAMS 0x000000076f600000, 0x000000076f600000| Untracked 
| 173|0x000000076f700000, 0x000000076f700000, 0x000000076f800000|  0%| F|  |TAMS 0x000000076f700000, 0x000000076f700000| Untracked 
| 174|0x000000076f800000, 0x000000076f800000, 0x000000076f900000|  0%| F|  |TAMS 0x000000076f800000, 0x000000076f800000| Untracked 
| 175|0x000000076f900000, 0x000000076f900000, 0x000000076fa00000|  0%| F|  |TAMS 0x000000076f900000, 0x000000076f900000| Untracked 
| 176|0x000000076fa00000, 0x000000076fa00000, 0x000000076fb00000|  0%| F|  |TAMS 0x000000076fa00000, 0x000000076fa00000| Untracked 
| 177|0x000000076fb00000, 0x000000076fb00000, 0x000000076fc00000|  0%| F|  |TAMS 0x000000076fb00000, 0x000000076fb00000| Untracked 
| 178|0x000000076fc00000, 0x000000076fd00000, 0x000000076fd00000|100%| E|  |TAMS 0x000000076fc00000, 0x000000076fc00000| Complete 
| 179|0x000000076fd00000, 0x000000076fe00000, 0x000000076fe00000|100%| E|CS|TAMS 0x000000076fd00000, 0x000000076fd00000| Complete 
| 180|0x000000076fe00000, 0x000000076ff00000, 0x000000076ff00000|100%| E|CS|TAMS 0x000000076fe00000, 0x000000076fe00000| Complete 
| 181|0x000000076ff00000, 0x0000000770000000, 0x0000000770000000|100%| E|CS|TAMS 0x000000076ff00000, 0x000000076ff00000| Complete 
| 182|0x0000000770000000, 0x0000000770100000, 0x0000000770100000|100%| E|CS|TAMS 0x0000000770000000, 0x0000000770000000| Complete 
| 183|0x0000000770100000, 0x0000000770200000, 0x0000000770200000|100%| E|CS|TAMS 0x0000000770100000, 0x0000000770100000| Complete 
| 184|0x0000000770200000, 0x0000000770300000, 0x0000000770300000|100%| E|CS|TAMS 0x0000000770200000, 0x0000000770200000| Complete 
| 185|0x0000000770300000, 0x0000000770400000, 0x0000000770400000|100%| E|CS|TAMS 0x0000000770300000, 0x0000000770300000| Complete 
| 186|0x0000000770400000, 0x0000000770500000, 0x0000000770500000|100%| E|CS|TAMS 0x0000000770400000, 0x0000000770400000| Complete 
| 187|0x0000000770500000, 0x0000000770600000, 0x0000000770600000|100%| E|CS|TAMS 0x0000000770500000, 0x0000000770500000| Complete 

Card table byte_map: [0x000001ec72d00000,0x000001ec731e0000] _byte_map_base: 0x000001ec6f1db000

Marking Bits (Prev, Next): (CMBitMap*) 0x000001ec5db01138, (CMBitMap*) 0x000001ec5db01170
 Prev Bits: [0x000001ec736c0000, 0x000001ec75d98000)
 Next Bits: [0x000001ec75da0000, 0x000001ec78478000)

Polling page: 0x000001ec5dba0000

Metaspace:

Usage:
  Non-class:     40.24 MB capacity,    39.95 MB (>99%) used,   233.13 KB ( <1%) free+waste,    66.50 KB ( <1%) overhead. 
      Class:      5.57 MB capacity,     5.36 MB ( 96%) used,   181.61 KB (  3%) free+waste,    29.13 KB ( <1%) overhead. 
       Both:     45.81 MB capacity,    45.31 MB ( 99%) used,   414.74 KB ( <1%) free+waste,    95.63 KB ( <1%) overhead. 

Virtual space:
  Non-class space:       42.00 MB reserved,      40.42 MB ( 96%) committed 
      Class space:        1.00 GB reserved,       5.63 MB ( <1%) committed 
             Both:        1.04 GB reserved,      46.05 MB (  4%) committed 

Chunk freelists:
   Non-Class:  58.00 KB
       Class:  27.00 KB
        Both:  85.00 KB

MaxMetaspaceSize: 17179869184.00 GB
CompressedClassSpaceSize: 1.00 GB
Initial GC threshold: 20.80 MB
Current GC threshold: 59.00 MB
CDS: off

CodeHeap 'non-profiled nmethods': size=120000Kb used=1590Kb max_used=1590Kb free=118410Kb
 bounds [0x000001ec6a890000, 0x000001ec6ab00000, 0x000001ec71dc0000]
CodeHeap 'profiled nmethods': size=120000Kb used=7860Kb max_used=7860Kb free=112139Kb
 bounds [0x000001ec63360000, 0x000001ec63b10000, 0x000001ec6a890000]
CodeHeap 'non-nmethods': size=5760Kb used=1268Kb max_used=1297Kb free=4492Kb
 bounds [0x000001ec62dc0000, 0x000001ec63030000, 0x000001ec63360000]
 total_blobs=4219 nmethods=3673 adapters=457
 compilation: enabled
              stopped_count=0, restarted_count=0
 full_count=0

Compilation events (20 events):
Event: 6.260 Thread 0x000001ec7b81c000 nmethod 3683 0x000001ec63b00a10 code [0x000001ec63b00f00, 0x000001ec63b032c8]
Event: 6.260 Thread 0x000001ec7b81c000 3640       3       org.jetbrains.kotlin.protobuf.FieldSet::computeElementSizeNoTag (346 bytes)
Event: 6.262 Thread 0x000001ec7b81c000 nmethod 3640 0x000001ec63b04010 code [0x000001ec63b04580, 0x000001ec63b07a78]
Event: 6.262 Thread 0x000001ec7b81c000 3641       3       org.jetbrains.kotlin.protobuf.FieldSet::writeElement (36 bytes)
Event: 6.263 Thread 0x000001ec7b81c000 nmethod 3641 0x000001ec63b08710 code [0x000001ec63b08960, 0x000001ec63b091e8]
Event: 6.263 Thread 0x000001ec7b81c000 3684       3       org.jetbrains.kotlin.metadata.jvm.JvmProtoBuf$JvmMethodSignature::writeTo (52 bytes)
Event: 6.263 Thread 0x000001ec7b81c000 nmethod 3684 0x000001ec63b09590 code [0x000001ec63b09820, 0x000001ec63b0a0c8]
Event: 6.263 Thread 0x000001ec7b81c000 3687       3       org.jetbrains.kotlin.protobuf.CodedOutputStream::computeEnumSize (10 bytes)
Event: 6.264 Thread 0x000001ec7b81c000 nmethod 3687 0x000001ec63b0a490 code [0x000001ec63b0a680, 0x000001ec63b0a978]
Event: 6.264 Thread 0x000001ec7b81c000 3694       2       org.jetbrains.kotlin.protobuf.CodedOutputStream::writeEnumNoTag (6 bytes)
Event: 6.264 Thread 0x000001ec7b81c000 nmethod 3694 0x000001ec63b0ab10 code [0x000001ec63b0ace0, 0x000001ec63b0ae18]
Event: 6.264 Thread 0x000001ec7b81c000 3688       3       org.jetbrains.kotlin.protobuf.CodedOutputStream::computeEnumSizeNoTag (5 bytes)
Event: 6.264 Thread 0x000001ec7b81c000 nmethod 3688 0x000001ec63b0af10 code [0x000001ec63b0b0e0, 0x000001ec63b0b288]
Event: 6.264 Thread 0x000001ec7b81c000 3686       3       org.jetbrains.kotlin.protobuf.CodedOutputStream::writeEnum (12 bytes)
Event: 6.264 Thread 0x000001ec7b81c000 nmethod 3686 0x000001ec63b0b390 code [0x000001ec63b0b580, 0x000001ec63b0b908]
Event: 6.264 Thread 0x000001ec7b81c000 3695       2       org.jetbrains.kotlin.metadata.ProtoBuf$Annotation$Argument::getSerializedSize (73 bytes)
Event: 6.265 Thread 0x000001ec7b81c000 nmethod 3695 0x000001ec63b0ba90 code [0x000001ec63b0bc80, 0x000001ec63b0bf18]
Event: 6.265 Thread 0x000001ec7b81c000 3696       2       org.jetbrains.kotlin.metadata.ProtoBuf$Annotation$Argument$Value::getSerializedSize (311 bytes)
Event: 6.266 Thread 0x000001ec7b81c000 nmethod 3696 0x000001ec63b0c110 code [0x000001ec63b0c400, 0x000001ec63b0cd08]
Event: 6.266 Thread 0x000001ec7b81c000 3702       2       org.jetbrains.kotlin.metadata.ProtoBuf$Annotation::writeTo (72 bytes)

GC Heap History (12 events):
Event: 0.982 GC heap before
{Heap before GC invocations=0 (full 0):
 garbage-first heap   total 159744K, used 27648K [0x0000000764a00000, 0x0000000800000000)
  region size 1024K, 24 young (24576K), 0 survivors (0K)
 Metaspace       used 12323K, capacity 12440K, committed 12544K, reserved 1060864K
  class space    used 1161K, capacity 1207K, committed 1280K, reserved 1048576K
}
Event: 0.988 GC heap after
{Heap after GC invocations=1 (full 0):
 garbage-first heap   total 159744K, used 5751K [0x0000000764a00000, 0x0000000800000000)
  region size 1024K, 3 young (3072K), 3 survivors (3072K)
 Metaspace       used 12323K, capacity 12440K, committed 12544K, reserved 1060864K
  class space    used 1161K, capacity 1207K, committed 1280K, reserved 1048576K
}
Event: 1.925 GC heap before
{Heap before GC invocations=1 (full 0):
 garbage-first heap   total 159744K, used 41591K [0x0000000764a00000, 0x0000000800000000)
  region size 1024K, 39 young (39936K), 3 survivors (3072K)
 Metaspace       used 20921K, capacity 21208K, committed 21296K, reserved 1069056K
  class space    used 2275K, capacity 2412K, committed 2432K, reserved 1048576K
}
Event: 1.940 GC heap after
{Heap after GC invocations=2 (full 0):
 garbage-first heap   total 159744K, used 9434K [0x0000000764a00000, 0x0000000800000000)
  region size 1024K, 7 young (7168K), 7 survivors (7168K)
 Metaspace       used 20921K, capacity 21208K, committed 21296K, reserved 1069056K
  class space    used 2275K, capacity 2412K, committed 2432K, reserved 1048576K
}
Event: 3.663 GC heap before
{Heap before GC invocations=3 (full 0):
 garbage-first heap   total 159744K, used 63706K [0x0000000764a00000, 0x0000000800000000)
  region size 1024K, 55 young (56320K), 7 survivors (7168K)
 Metaspace       used 31178K, capacity 31670K, committed 31792K, reserved 1077248K
  class space    used 3733K, capacity 3939K, committed 3968K, reserved 1048576K
}
Event: 3.688 GC heap after
{Heap after GC invocations=4 (full 0):
 garbage-first heap   total 159744K, used 21477K [0x0000000764a00000, 0x0000000800000000)
  region size 1024K, 7 young (7168K), 7 survivors (7168K)
 Metaspace       used 31178K, capacity 31670K, committed 31792K, reserved 1077248K
  class space    used 3733K, capacity 3939K, committed 3968K, reserved 1048576K
}
Event: 4.131 GC heap before
{Heap before GC invocations=4 (full 0):
 garbage-first heap   total 159744K, used 38885K [0x0000000764a00000, 0x0000000800000000)
  region size 1024K, 24 young (24576K), 7 survivors (7168K)
 Metaspace       used 35176K, capacity 35714K, committed 35920K, reserved 1081344K
  class space    used 4394K, capacity 4582K, committed 4608K, reserved 1048576K
}
Event: 4.147 GC heap after
{Heap after GC invocations=5 (full 0):
 garbage-first heap   total 159744K, used 23764K [0x0000000764a00000, 0x0000000800000000)
  region size 1024K, 2 young (2048K), 2 survivors (2048K)
 Metaspace       used 35176K, capacity 35714K, committed 35920K, reserved 1081344K
  class space    used 4394K, capacity 4582K, committed 4608K, reserved 1048576K
}
Event: 4.155 GC heap before
{Heap before GC invocations=5 (full 0):
 garbage-first heap   total 159744K, used 23764K [0x0000000764a00000, 0x0000000800000000)
  region size 1024K, 3 young (3072K), 2 survivors (2048K)
 Metaspace       used 35252K, capacity 35778K, committed 35920K, reserved 1081344K
  class space    used 4399K, capacity 4582K, committed 4608K, reserved 1048576K
}
Event: 4.160 GC heap after
{Heap after GC invocations=6 (full 0):
 garbage-first heap   total 192512K, used 23663K [0x0000000764a00000, 0x0000000800000000)
  region size 1024K, 2 young (2048K), 2 survivors (2048K)
 Metaspace       used 35252K, capacity 35778K, committed 35920K, reserved 1081344K
  class space    used 4399K, capacity 4582K, committed 4608K, reserved 1048576K
}
Event: 6.223 GC heap before
{Heap before GC invocations=7 (full 0):
 garbage-first heap   total 192512K, used 95343K [0x0000000764a00000, 0x0000000800000000)
  region size 1024K, 69 young (70656K), 2 survivors (2048K)
 Metaspace       used 46350K, capacity 46907K, committed 47152K, reserved 1091584K
  class space    used 5490K, capacity 5701K, committed 5760K, reserved 1048576K
}
Event: 6.234 GC heap after
{Heap after GC invocations=8 (full 0):
 garbage-first heap   total 192512K, used 30845K [0x0000000764a00000, 0x0000000800000000)
  region size 1024K, 9 young (9216K), 9 survivors (9216K)
 Metaspace       used 46350K, capacity 46907K, committed 47152K, reserved 1091584K
  class space    used 5490K, capacity 5701K, committed 5760K, reserved 1048576K
}

Deoptimization events (20 events):
Event: 5.923 Thread 0x000001ec5daba800 Uncommon trap: trap_request=0xffffffc6 fr.pc=0x000001ec6a9a8e28 relative=0x00000000000005a8
Event: 5.923 Thread 0x000001ec5daba800 Uncommon trap: reason=bimorphic_or_optimized_type_check action=maybe_recompile pc=0x000001ec6a9a8e28 method=org.jetbrains.kotlin.protobuf.CodedInputStream.tryRefillBuffer(I)Z @ 177 c2
Event: 5.923 Thread 0x000001ec5daba800 DEOPT PACKING pc=0x000001ec6a9a8e28 sp=0x00000017f38fd030
Event: 5.923 Thread 0x000001ec5daba800 DEOPT UNPACKING pc=0x000001ec62e0a1af sp=0x00000017f38fcf18 mode 2
Event: 5.926 Thread 0x000001ec5daba800 Uncommon trap: trap_request=0xffffffc6 fr.pc=0x000001ec6a9a8e28 relative=0x00000000000005a8
Event: 5.926 Thread 0x000001ec5daba800 Uncommon trap: reason=bimorphic_or_optimized_type_check action=maybe_recompile pc=0x000001ec6a9a8e28 method=org.jetbrains.kotlin.protobuf.CodedInputStream.tryRefillBuffer(I)Z @ 177 c2
Event: 5.926 Thread 0x000001ec5daba800 DEOPT PACKING pc=0x000001ec6a9a8e28 sp=0x00000017f38fd030
Event: 5.926 Thread 0x000001ec5daba800 DEOPT UNPACKING pc=0x000001ec62e0a1af sp=0x00000017f38fcf18 mode 2
Event: 5.992 Thread 0x000001ec5daba800 DEOPT PACKING pc=0x000001ec6390beff sp=0x00000017f38fb9c0
Event: 5.992 Thread 0x000001ec5daba800 DEOPT UNPACKING pc=0x000001ec62e0a95e sp=0x00000017f38fae10 mode 0
Event: 6.093 Thread 0x000001ec5daba800 DEOPT PACKING pc=0x000001ec6390beff sp=0x00000017f38fcb00
Event: 6.093 Thread 0x000001ec5daba800 DEOPT UNPACKING pc=0x000001ec62e0a95e sp=0x00000017f38fbf50 mode 0
Event: 6.108 Thread 0x000001ec5daba800 Uncommon trap: trap_request=0xffffff4d fr.pc=0x000001ec6aa0bfec relative=0x000000000000004c
Event: 6.108 Thread 0x000001ec5daba800 Uncommon trap: reason=unstable_if action=reinterpret pc=0x000001ec6aa0bfec method=org.jetbrains.kotlin.protobuf.CodedOutputStream.computeRawVarint32Size(I)I @ 14 c2
Event: 6.108 Thread 0x000001ec5daba800 DEOPT PACKING pc=0x000001ec6aa0bfec sp=0x00000017f38fcf10
Event: 6.108 Thread 0x000001ec5daba800 DEOPT UNPACKING pc=0x000001ec62e0a1af sp=0x00000017f38fcea8 mode 2
Event: 6.164 Thread 0x000001ec5daba800 DEOPT PACKING pc=0x000001ec6390beff sp=0x00000017f38fcc60
Event: 6.164 Thread 0x000001ec5daba800 DEOPT UNPACKING pc=0x000001ec62e0a95e sp=0x00000017f38fc0b0 mode 0
Event: 6.208 Thread 0x000001ec5daba800 DEOPT PACKING pc=0x000001ec6390beff sp=0x00000017f38fba90
Event: 6.208 Thread 0x000001ec5daba800 DEOPT UNPACKING pc=0x000001ec62e0a95e sp=0x00000017f38faee0 mode 0

Classes redefined (0 events):
No events

Internal exceptions (20 events):
Event: 2.056 Thread 0x000001ec5daba800 Exception <a 'java/lang/NoSuchMethodError'{0x000000076df19ac8}: 'int java.lang.invoke.DirectMethodHandle$Holder.invokeStaticInit(java.lang.Object, java.lang.Object)'> (0x000000076df19ac8) thrown at [./src/hotspot/share/interpreter/linkResolver.cpp, line 773]
Event: 2.129 Thread 0x000001ec5daba800 Exception <a 'java/lang/NoSuchMethodError'{0x000000076dd31ec0}: 'void java.lang.invoke.DirectMethodHandle$Holder.invokeSpecial(java.lang.Object, java.lang.Object)'> (0x000000076dd31ec0) thrown at [./src/hotspot/share/interpreter/linkResolver.cpp, line 773]
Event: 2.374 Thread 0x000001ec5daba800 Exception <a 'java/lang/NoSuchMethodError'{0x000000076d55e9a0}: 'java.lang.Object java.lang.invoke.DirectMethodHandle$Holder.invokeStatic(java.lang.Object, java.lang.Object, java.lang.Object, java.lang.Object, java.lang.Object, java.lang.Object, java.lang.Object, java.lang.Object, java.lang.Object, java.lang.Object, java.lang.Object, java.lang.Object, java.lang.Object, java.lang.Object, java.lang.Object)'> (0x000000076d55e9a0) thrown at [./src/hotspot/share/interpreter/linkResolver.cpp, line 773]
Event: 2.377 Thread 0x000001ec5daba800 Exception <a 'java/lang/NoSuchMethodError'{0x000000076d56c9a8}: 'java.lang.Object java.lang.invoke.DirectMethodHandle$Holder.invokeStatic(java.lang.Object, java.lang.Object, java.lang.Object, java.lang.Object, java.lang.Object, java.lang.Object, java.lang.Object, java.lang.Object, java.lang.Object, java.lang.Object, java.lang.Object, java.lang.Object, java.lang.Object, java.lang.Object, java.lang.Object, java.lang.Object)'> (0x000000076d56c9a8) thrown at [./src/hotspot/share/interpreter/linkResolver.cpp, l
Event: 2.380 Thread 0x000001ec5daba800 Exception <a 'java/lang/NoSuchMethodError'{0x000000076d57a8c0}: 'java.lang.Object java.lang.invoke.DirectMethodHandle$Holder.invokeSpecial(java.lang.Object, java.lang.Object, int, int, java.lang.Object, java.lang.Object, java.lang.Object)'> (0x000000076d57a8c0) thrown at [./src/hotspot/share/interpreter/linkResolver.cpp, line 773]
Event: 2.381 Thread 0x000001ec5daba800 Exception <a 'java/lang/NoSuchMethodError'{0x000000076d57e0f8}: 'java.lang.Object java.lang.invoke.DelegatingMethodHandle$Holder.reinvoke_L(java.lang.Object, int, int, java.lang.Object, java.lang.Object, java.lang.Object)'> (0x000000076d57e0f8) thrown at [./src/hotspot/share/interpreter/linkResolver.cpp, line 773]
Event: 2.382 Thread 0x000001ec5daba800 Exception <a 'java/lang/NoSuchMethodError'{0x000000076d5826c8}: 'java.lang.Object java.lang.invoke.DirectMethodHandle$Holder.invokeStatic(java.lang.Object, java.lang.Object, java.lang.Object, java.lang.Object, int)'> (0x000000076d5826c8) thrown at [./src/hotspot/share/interpreter/linkResolver.cpp, line 773]
Event: 2.444 Thread 0x000001ec5daba800 Exception <a 'sun/nio/fs/WindowsException'{0x000000076d4c3308}> (0x000000076d4c3308) thrown at [./src/hotspot/share/prims/jni.cpp, line 615]
Event: 2.444 Thread 0x000001ec5daba800 Exception <a 'sun/nio/fs/WindowsException'{0x000000076d4c3bc8}> (0x000000076d4c3bc8) thrown at [./src/hotspot/share/prims/jni.cpp, line 615]
Event: 2.444 Thread 0x000001ec5daba800 Exception <a 'sun/nio/fs/WindowsException'{0x000000076d4c44a0}> (0x000000076d4c44a0) thrown at [./src/hotspot/share/prims/jni.cpp, line 615]
Event: 2.445 Thread 0x000001ec5daba800 Exception <a 'sun/nio/fs/WindowsException'{0x000000076d4c4ee8}> (0x000000076d4c4ee8) thrown at [./src/hotspot/share/prims/jni.cpp, line 615]
Event: 2.445 Thread 0x000001ec5daba800 Exception <a 'sun/nio/fs/WindowsException'{0x000000076d4c5840}> (0x000000076d4c5840) thrown at [./src/hotspot/share/prims/jni.cpp, line 615]
Event: 2.445 Thread 0x000001ec5daba800 Exception <a 'sun/nio/fs/WindowsException'{0x000000076d4c61c8}> (0x000000076d4c61c8) thrown at [./src/hotspot/share/prims/jni.cpp, line 615]
Event: 2.448 Thread 0x000001ec5daba800 Exception <a 'java/lang/NoSuchMethodError'{0x000000076d4cce10}: 'void java.lang.invoke.DirectMethodHandle$Holder.invokeStatic(java.lang.Object, java.lang.Object, java.lang.Object, java.lang.Object)'> (0x000000076d4cce10) thrown at [./src/hotspot/share/interpreter/linkResolver.cpp, line 773]
Event: 2.529 Thread 0x000001ec5daba800 Exception <a 'java/lang/NoSuchMethodError'{0x000000076d0acff8}: 'void java.lang.invoke.DirectMethodHandle$Holder.invokeStaticInit(java.lang.Object, java.lang.Object)'> (0x000000076d0acff8) thrown at [./src/hotspot/share/interpreter/linkResolver.cpp, line 773]
Event: 2.632 Thread 0x000001ec5daba800 Exception <a 'java/lang/NoSuchMethodError'{0x000000076cb51a40}: 'void java.lang.invoke.DirectMethodHandle$Holder.invokeVirtual(java.lang.Object, java.lang.Object)'> (0x000000076cb51a40) thrown at [./src/hotspot/share/interpreter/linkResolver.cpp, line 773]
Event: 2.642 Thread 0x000001ec5daba800 Exception <a 'java/lang/NoSuchMethodError'{0x000000076cbc8498}: 'int java.lang.invoke.DirectMethodHandle$Holder.invokeVirtual(java.lang.Object, java.lang.Object)'> (0x000000076cbc8498) thrown at [./src/hotspot/share/interpreter/linkResolver.cpp, line 773]
Event: 4.180 Thread 0x000001ec5daba800 Exception <a 'java/lang/NoSuchMethodError'{0x00000007705a4728}: 'java.lang.Object java.lang.invoke.DirectMethodHandle$Holder.invokeVirtual(java.lang.Object, java.lang.Object, java.lang.Object)'> (0x00000007705a4728) thrown at [./src/hotspot/share/interpreter/linkResolver.cpp, line 773]
Event: 5.603 Thread 0x000001ec5daba800 Exception <a 'java/lang/NoSuchMethodError'{0x000000076d809ec0}: 'java.lang.Object java.lang.invoke.Invokers$Holder.linkToTargetMethod(java.lang.Object, int, java.lang.Object)'> (0x000000076d809ec0) thrown at [./src/hotspot/share/interpreter/linkResolver.cpp, line 773]
Event: 5.664 Thread 0x000001ec5daba800 Implicit null exception at 0x000001ec6a9e39cc to 0x000001ec6a9e3ab4

Events (20 events):
Event: 6.054 loading class org/jetbrains/kotlin/types/IndexedParametersSubstitution
Event: 6.054 loading class org/jetbrains/kotlin/types/IndexedParametersSubstitution done
Event: 6.054 loading class org/jetbrains/kotlin/types/TypeSubstitutor$SubstitutionException
Event: 6.054 loading class org/jetbrains/kotlin/types/TypeSubstitutor$SubstitutionException done
Event: 6.055 loading class org/jetbrains/kotlin/types/SubstitutionWithContravariantCapturedTypeApproximation
Event: 6.055 loading class org/jetbrains/kotlin/types/SubstitutionWithContravariantCapturedTypeApproximation done
Event: 6.055 loading class org/jetbrains/kotlin/types/DelegatedTypeSubstitution
Event: 6.055 loading class org/jetbrains/kotlin/types/DelegatedTypeSubstitution done
Event: 6.055 loading class org/jetbrains/kotlin/resolve/scopes/SubstitutingScope
Event: 6.055 loading class org/jetbrains/kotlin/resolve/scopes/SubstitutingScope done
Event: 6.056 loading class org/jetbrains/kotlin/resolve/calls/inference/CapturedTypeConstructorKt
Event: 6.056 loading class org/jetbrains/kotlin/resolve/calls/inference/CapturedTypeConstructorKt done
Event: 6.057 loading class org/jetbrains/kotlin/resolve/scopes/SubstitutingScope$_allDescriptors$2
Event: 6.057 loading class org/jetbrains/kotlin/resolve/scopes/SubstitutingScope$_allDescriptors$2 done
Event: 6.057 loading class org/jetbrains/kotlin/types/AnnotatedSimpleType
Event: 6.057 loading class org/jetbrains/kotlin/types/AnnotatedSimpleType done
Event: 6.080 loading class org/jetbrains/kotlin/serialization/deserialization/MemberDeserializer$getAnnotations$1
Event: 6.080 loading class org/jetbrains/kotlin/serialization/deserialization/MemberDeserializer$getAnnotations$1 done
Event: 6.223 Executing VM operation: G1CollectForAllocation
Event: 6.234 Executing VM operation: G1CollectForAllocation done


Dynamic libraries:
0x00007ff625b30000 - 0x00007ff625b3a000 	C:\Program Files\Android\Android Studio\jre\bin\java.exe
0x00007ffb62320000 - 0x00007ffb62527000 	C:\Windows\SYSTEM32\ntdll.dll
0x00007ffb60460000 - 0x00007ffb6051d000 	C:\Windows\System32\KERNEL32.DLL
0x00007ffb5fbd0000 - 0x00007ffb5ff44000 	C:\Windows\System32\KERNELBASE.dll
0x00007ffb5f970000 - 0x00007ffb5fa81000 	C:\Windows\System32\ucrtbase.dll
0x00007ffb5cd50000 - 0x00007ffb5cd67000 	C:\Program Files\Android\Android Studio\jre\bin\VCRUNTIME140.dll
0x00007ffb47c10000 - 0x00007ffb47c29000 	C:\Program Files\Android\Android Studio\jre\bin\jli.dll
0x00007ffb60700000 - 0x00007ffb608ac000 	C:\Windows\System32\USER32.dll
0x00007ffb5ff50000 - 0x00007ffb5ff76000 	C:\Windows\System32\win32u.dll
0x00007ffb3fd70000 - 0x00007ffb40015000 	C:\Windows\WinSxS\amd64_microsoft.windows.common-controls_6595b64144ccf1df_6.0.22000.120_none_9d947278b86cc467\COMCTL32.dll
0x00007ffb61180000 - 0x00007ffb611a9000 	C:\Windows\System32\GDI32.dll
0x00007ffb62230000 - 0x00007ffb622d3000 	C:\Windows\System32\msvcrt.dll
0x00007ffb5fff0000 - 0x00007ffb60102000 	C:\Windows\System32\gdi32full.dll
0x00007ffb60110000 - 0x00007ffb601ad000 	C:\Windows\System32\msvcp_win.dll
0x00007ffb60520000 - 0x00007ffb60551000 	C:\Windows\System32\IMM32.DLL
0x00007ffb457d0000 - 0x00007ffb4586d000 	C:\Program Files\Android\Android Studio\jre\bin\msvcp140.dll
0x00007ffae3050000 - 0x00007ffae3b35000 	C:\Program Files\Android\Android Studio\jre\bin\server\jvm.dll
0x00007ffb61530000 - 0x00007ffb615dc000 	C:\Windows\System32\ADVAPI32.dll
0x00007ffb60eb0000 - 0x00007ffb60f4d000 	C:\Windows\System32\sechost.dll
0x00007ffb61050000 - 0x00007ffb61171000 	C:\Windows\System32\RPCRT4.dll
0x00007ffb61990000 - 0x00007ffb61998000 	C:\Windows\System32\PSAPI.DLL
0x00007ffb59d10000 - 0x00007ffb59d43000 	C:\Windows\SYSTEM32\WINMM.dll
0x00007ffb57b30000 - 0x00007ffb57b3a000 	C:\Windows\SYSTEM32\VERSION.dll
0x00007ffb52c90000 - 0x00007ffb52c99000 	C:\Windows\SYSTEM32\WSOCK32.dll
0x00007ffb60fe0000 - 0x00007ffb6104f000 	C:\Windows\System32\WS2_32.dll
0x00007ffb5e930000 - 0x00007ffb5e948000 	C:\Windows\SYSTEM32\kernel.appcore.dll
0x00007ffb5bea0000 - 0x00007ffb5beb1000 	C:\Program Files\Android\Android Studio\jre\bin\verify.dll
0x00007ffb58420000 - 0x00007ffb58641000 	C:\Windows\SYSTEM32\DBGHELP.DLL
0x00007ffb4c570000 - 0x00007ffb4c5a1000 	C:\Windows\SYSTEM32\dbgcore.DLL
0x00007ffb5fb50000 - 0x00007ffb5fbd0000 	C:\Windows\System32\bcryptPrimitives.dll
0x00007ffb4c300000 - 0x00007ffb4c329000 	C:\Program Files\Android\Android Studio\jre\bin\java.dll
0x00007ffb5bdb0000 - 0x00007ffb5bdbb000 	C:\Program Files\Android\Android Studio\jre\bin\jimage.dll
0x00007ffb57530000 - 0x00007ffb57548000 	C:\Program Files\Android\Android Studio\jre\bin\zip.dll
0x00007ffb61a80000 - 0x00007ffb62229000 	C:\Windows\System32\SHELL32.dll
0x00007ffb5d9b0000 - 0x00007ffb5e212000 	C:\Windows\SYSTEM32\windows.storage.dll
0x00007ffb611b0000 - 0x00007ffb61528000 	C:\Windows\System32\combase.dll
0x00007ffb5d840000 - 0x00007ffb5d9a6000 	C:\Windows\SYSTEM32\wintypes.dll
0x00007ffb61640000 - 0x00007ffb6172a000 	C:\Windows\System32\SHCORE.dll
0x00007ffb615e0000 - 0x00007ffb6163d000 	C:\Windows\System32\shlwapi.dll
0x00007ffb5f730000 - 0x00007ffb5f751000 	C:\Windows\SYSTEM32\profapi.dll
0x00007ffb54cf0000 - 0x00007ffb54d0a000 	C:\Program Files\Android\Android Studio\jre\bin\net.dll
0x00007ffb59750000 - 0x00007ffb5985c000 	C:\Windows\SYSTEM32\WINHTTP.dll
0x00007ffb5ed40000 - 0x00007ffb5eda7000 	C:\Windows\system32\mswsock.dll
0x00007ffb4c2e0000 - 0x00007ffb4c2f4000 	C:\Program Files\Android\Android Studio\jre\bin\nio.dll

dbghelp: loaded successfully - version: 4.0.5 - missing functions: none
symbol engine: initialized successfully - sym options: 0x614 - pdb path: .;C:\Program Files\Android\Android Studio\jre\bin;C:\Windows\SYSTEM32;C:\Windows\WinSxS\amd64_microsoft.windows.common-controls_6595b64144ccf1df_6.0.22000.120_none_9d947278b86cc467;C:\Program Files\Android\Android Studio\jre\bin\server

VM Arguments:
java_command: org.jetbrains.kotlin.cli.jvm.K2JVMCompiler @C:\Users\Rodrigo Cavalcante\AndroidStudioProjects\Trackals\app\build\20221018_8448838302680137144.compiler.options
java_class_path (initial): C:\Users\Rodrigo Cavalcante\.gradle\caches\modules-2\files-2.1\org.jetbrains.kotlin\kotlin-compiler-embeddable\1.6.10\88f2073f4020cdb83132cfe940ceb9a60aba54ea\kotlin-compiler-embeddable-1.6.10.jar;C:\Users\Rodrigo Cavalcante\.gradle\caches\modules-2\files-2.1\org.jetbrains.kotlin\kotlin-reflect\1.6.10\1cbe9c92c12a94eea200d23c2bbaedaf3daf5132\kotlin-reflect-1.6.10.jar;C:\Users\Rodrigo Cavalcante\.gradle\caches\modules-2\files-2.1\org.jetbrains.kotlin\kotlin-stdlib\1.6.10\b8af3fe6f1ca88526914929add63cf5e7c5049af\kotlin-stdlib-1.6.10.jar;C:\Users\Rodrigo Cavalcante\.gradle\caches\modules-2\files-2.1\org.jetbrains.kotlin\kotlin-script-runtime\1.6.10\d0a7ff2e2500ef497ed0214ae40ad3c8387a6164\kotlin-script-runtime-1.6.10.jar;C:\Users\Rodrigo Cavalcante\.gradle\caches\modules-2\files-2.1\org.jetbrains.kotlin\kotlin-daemon-embeddable\1.6.10\a56d79bcbea411fa6058e4ecffc2de73e742bd2a\kotlin-daemon-embeddable-1.6.10.jar;C:\Users\Rodrigo Cavalcante\.gradle\caches\modules-2\files-2.1\org.jetbrains.intellij.deps\trove4j\1.0.20181211\216c2e14b070f334479d800987affe4054cd563f\trove4j-1.0.20181211.jar;C:\Users\Rodrigo Cavalcante\.gradle\caches\modules-2\files-2.1\net.java.dev.jna\jna\5.6.0\330f2244e9030119ab3030fc3fededc86713d9cc\jna-5.6.0.jar;C:\Users\Rodrigo Cavalcante\.gradle\caches\modules-2\files-2.1\org.jetbrains\annotations\13.0\919f0dfe192fb4e063e7dacadee7f8bb9a2672a9\annotations-13.0.jar;C:\Users\Rodrigo Cavalcante\.gradle\caches\modules-2\files-2.1\org.jetbrains.kotlin\kotlin-stdlib-common\1.6.10\c118700e3a33c8a0d9adc920e9dec0831171925\kotlin-stdlib-common-1.6.10.jar
Launcher Type: SUN_STANDARD

[Global flags]
     intx CICompilerCount                          = 4                                         {product} {ergonomic}
     uint ConcGCThreads                            = 2                                         {product} {ergonomic}
     uint G1ConcRefinementThreads                  = 8                                         {product} {ergonomic}
   size_t G1HeapRegionSize                         = 1048576                                   {product} {ergonomic}
    uintx GCDrainStackTargetSize                   = 64                                        {product} {ergonomic}
   size_t InitialHeapSize                          = 163577856                                 {product} {ergonomic}
   size_t MarkStackSize                            = 4194304                                   {product} {ergonomic}
   size_t MaxHeapSize                              = 2606759936                                {product} {ergonomic}
   size_t MaxNewSize                               = 1563426816                                {product} {ergonomic}
   size_t MinHeapDeltaBytes                        = 1048576                                   {product} {ergonomic}
    uintx NonNMethodCodeHeapSize                   = 5836300                                {pd product} {ergonomic}
    uintx NonProfiledCodeHeapSize                  = 122910970                              {pd product} {ergonomic}
    uintx ProfiledCodeHeapSize                     = 122910970                              {pd product} {ergonomic}
    uintx ReservedCodeCacheSize                    = 251658240                              {pd product} {ergonomic}
     bool SegmentedCodeCache                       = true                                      {product} {ergonomic}
     bool UseCompressedClassPointers               = true                                 {lp64_product} {ergonomic}
     bool UseCompressedOops                        = true                                 {lp64_product} {ergonomic}
     bool UseG1GC                                  = true                                      {product} {ergonomic}
     bool UseLargePagesIndividualAllocation        = false                                  {pd product} {ergonomic}

Logging:
Log output configuration:
 #0: stdout all=warning uptime,level,tags
 #1: stderr all=off uptime,level,tags

Environment Variables:
PATH=C:\Windows\system32;C:\Windows;C:\Windows\System32\Wbem;C:\Windows\System32\WindowsPowerShell\v1.0\;C:\Windows\System32\OpenSSH\;C:\Program Files\Git\cmd;C:\Users\Rodrigo Cavalcante\AppData\Local\Microsoft\WindowsApps
USERNAME=Rodrigo Cavalcante
OS=Windows_NT
PROCESSOR_IDENTIFIER=AMD64 Family 23 Model 24 Stepping 1, AuthenticAMD



---------------  S Y S T E M  ---------------

OS: Windows 10 , 64 bit Build 22000 (10.0.22000.120)
OS uptime: 43 days 3:56 hours

CPU:total 8 (initial active 8) (8 cores per cpu, 2 threads per core) family 23 model 24 stepping 1 microcode 0x0, cmov, cx8, fxsr, mmx, sse, sse2, sse3, ssse3, sse4.1, sse4.2, popcnt, avx, avx2, aes, clmul, mmxext, 3dnowpref, lzcnt, sse4a, ht, tsc, tscinvbit, tscinv, bmi1, bmi2, adx, sha, fma

Memory: 4k page, system-wide physical 9941M (430M free)
TotalPageFile size 38485M (AvailPageFile size 5M)
current process WorkingSet (physical memory assigned to process): 254M, peak: 254M
current process commit charge ("private bytes"): 363M, peak: 364M

vm_info: OpenJDK 64-Bit Server VM (11.0.12+7-b1504.28-7817840) for windows-amd64 JRE (11.0.12+7-b1504.28-7817840), built on Oct 13 2021 22:12:33 by "builder" with MS VC++ 14.0 (VS2015)

END.
